<?xml version="1.0" encoding="UTF-8"?>
<!-- Generated by org.testng.reporters.JUnitReportReporter -->
<testsuite skipped="0" hostname="DESKTOP-VHHEQ6H" name="TestPackeage.NewTest" tests="1" failures="0" timestamp="2021-04-26T12:39:36 IST" time="29.326" errors="0">
  <testcase name="NewTest" time="29.326" classname="TestPackeage.NewTest"/>
  <system-out>
User Name--->MATTHEW PLANZ Membership Number--->19163000036819  </system-out>
</testsuite> <!-- TestPackeage.NewTest -->
